<?xml version="1.0" encoding="UTF-8"?>
<testng-results ignored="0" total="1" passed="1" failed="0" skipped="0">
  <reporter-output>
  </reporter-output>
  <suite started-at="2022-11-30T14:55:13 IST" name="Regression Suite" finished-at="2022-11-30T14:55:17 IST" duration-ms="3562">
    <groups>
    </groups>
    <test started-at="2022-11-30T14:55:13 IST" name="Regression Test" finished-at="2022-11-30T14:55:17 IST" duration-ms="3562">
      <class name="com.demoblaze.testLayer.Demo">
        <test-method is-config="true" signature="start()[pri:0, instance:com.demoblaze.testLayer.Demo@5876a9af]" started-at="2022-11-30T14:55:13 IST" name="start" finished-at="2022-11-30T14:55:13 IST" duration-ms="115" status="PASS">
          <reporter-output>
          </reporter-output>
        </test-method> <!-- start -->
        <test-method is-config="true" signature="setup(java.lang.String)[pri:0, instance:com.demoblaze.testLayer.Demo@5876a9af]" started-at="2022-11-30T14:55:13 IST" name="setup" finished-at="2022-11-30T14:55:17 IST" duration-ms="3182" status="PASS">
          <params>
            <param index="0">
              <value>
                <![CDATA[Chrome]]>
              </value>
            </param>
          </params>
          <reporter-output>
          </reporter-output>
        </test-method> <!-- setup -->
        <test-method signature="demo()[pri:0, instance:com.demoblaze.testLayer.Demo@5876a9af]" started-at="2022-11-30T14:55:17 IST" name="demo" finished-at="2022-11-30T14:55:17 IST" duration-ms="16" status="PASS">
          <reporter-output>
          </reporter-output>
        </test-method> <!-- demo -->
        <test-method is-config="true" signature="teardown()[pri:0, instance:com.demoblaze.testLayer.Demo@5876a9af]" started-at="2022-11-30T14:55:17 IST" name="teardown" finished-at="2022-11-30T14:55:17 IST" duration-ms="211" status="PASS">
          <reporter-output>
          </reporter-output>
        </test-method> <!-- teardown -->
        <test-method is-config="true" signature="end()[pri:0, instance:com.demoblaze.testLayer.Demo@5876a9af]" started-at="2022-11-30T14:55:17 IST" name="end" finished-at="2022-11-30T14:55:17 IST" duration-ms="2" status="PASS">
          <reporter-output>
          </reporter-output>
        </test-method> <!-- end -->
      </class> <!-- com.demoblaze.testLayer.Demo -->
    </test> <!-- Regression Test -->
  </suite> <!-- Regression Suite -->
</testng-results>
